#
# A fatal error has been detected by the Java Runtime Environment:
#
#  EXCEPTION_ACCESS_VIOLATION (0xc0000005) at pc=0x00000000769f72f5, pid=17336, tid=7220
#
# JRE version: Java(TM) SE Runtime Environment (8.0_05-b13) (build 1.8.0_05-b13)
# Java VM: Java HotSpot(TM) 64-Bit Server VM (25.5-b02 mixed mode windows-amd64 compressed oops)
# Problematic frame:
# V  [jvm.dll+0x1172f5]
#
# Failed to write core dump. Minidumps are not enabled by default on client versions of Windows
#
# If you would like to submit a bug report, please visit:
#   http://bugreport.sun.com/bugreport/crash.jsp
#

---------------  T H R E A D  ---------------

Current thread (0x0000000007eb0800):  JavaThread "JDWP Transport Listener: dt_socket" daemon [_thread_in_vm, id=7220, stack(0x0000000009750000,0x0000000009850000)]

siginfo: ExceptionCode=0xc0000005, reading address 0xffffffffffffffff

Registers:
RAX=0x000000000984f801, RBX=0x0000000007eb0800, RCX=0x003b657400003b67, RDX=0x0000000000000000
RSP=0x000000000984f870, RBP=0x003b657400003b67, RSI=0x000000000984f988, RDI=0x000000000238ab40
R8 =0x0000000007eb0800, R9 =0x0000000000000000, R10=0x0000000000000000, R11=0x0000000000000064
R12=0x0000000000000000, R13=0x0000000007ea6ee8, R14=0x0000000000000000, R15=0x0000000000000000
RIP=0x00000000769f72f5, EFLAGS=0x0000000000010202

Top of Stack: (sp=0x000000000984f870)
0x000000000984f870:   0000000007eb0800 0000000007eb0800
0x000000000984f880:   000000000984f938 0000000076bea04b
0x000000000984f890:   0000000007eb0800 0000000076c068ad
0x000000000984f8a0:   0000000000000000 00000000778c9149
0x000000000984f8b0:   0000000007ec7640 00000000778d2912
0x000000000984f8c0:   0000000007eb0800 0000000000000000
0x000000000984f8d0:   0000000000000000 0000000000000000
0x000000000984f8e0:   003b657400003b67 00000000778d1a09
0x000000000984f8f0:   000000000984f988 000000000984f960
0x000000000984f900:   0000000000000001 0000000007ec7640
0x000000000984f910:   003b657400003b67 00000000778b53b3
0x000000000984f920:   000000000984fa50 0000000000000001
0x000000000984f930:   0000000000000001 0000000007ec7640
0x000000000984f940:   0000000000000001 0000000000000000
0x000000000984f950:   0000000000000000 0000000000000000
0x000000000984f960:   0000000000000001 00000000778b5571 

Instructions: (pc=0x00000000769f72f5)
0x00000000769f72d5:   cc cc cc cc cc cc cc cc cc cc cc 48 83 ec 28 48
0x00000000769f72e5:   85 c9 75 07 33 c0 48 83 c4 28 c3 48 89 5c 24 20
0x00000000769f72f5:   48 8b 19 48 85 db 74 20 48 83 fb 37 74 1a 48 8b
0x00000000769f7305:   13 48 8b cb ff 52 08 84 c0 74 0d 48 8b c3 48 8b 


Register to memory mapping:

RAX=0x000000000984f801 is pointing into the stack for thread: 0x0000000007eb0800
RBX=0x0000000007eb0800 is a thread
RCX=0x003b657400003b67 is an unknown value
RDX=0x0000000000000000 is an unknown value
RSP=0x000000000984f870 is pointing into the stack for thread: 0x0000000007eb0800
RBP=0x003b657400003b67 is an unknown value
RSI=0x000000000984f988 is pointing into the stack for thread: 0x0000000007eb0800
RDI=0x000000000238ab40 is an unknown value
R8 =0x0000000007eb0800 is a thread
R9 =0x0000000000000000 is an unknown value
R10=0x0000000000000000 is an unknown value
R11=0x0000000000000064 is an unknown value
R12=0x0000000000000000 is an unknown value
R13=0x0000000007ea6ee8 is an unknown value
R14=0x0000000000000000 is an unknown value
R15=0x0000000000000000 is an unknown value


Stack: [0x0000000009750000,0x0000000009850000],  sp=0x000000000984f870,  free space=1022k
Native frames: (J=compiled Java code, j=interpreted, Vv=VM code, C=native code)
V  [jvm.dll+0x1172f5]
V  [jvm.dll+0x3268ad]
C  [jdwp.dll+0x21a09]
C  [jdwp.dll+0x53b3]
C  [jdwp.dll+0x5571]
C  [jdwp.dll+0xf09c]
C  [jdwp.dll+0x1f2c9]
C  [jdwp.dll+0x1f49e]
V  [jvm.dll+0x1a7128]
V  [jvm.dll+0x2232c4]
V  [jvm.dll+0x27baca]
C  [msvcr100.dll+0x21d9f]
C  [msvcr100.dll+0x21e3b]
C  [KERNEL32.DLL+0x8364]
C  [ntdll.dll+0x65e91]


---------------  P R O C E S S  ---------------

Java Threads: ( => current thread )
  0x0000000009e67800 JavaThread "ReaderThread" [_thread_in_native, id=2296, stack(0x000000000a350000,0x000000000a450000)]
  0x0000000009d90000 JavaThread "Service Thread" daemon [_thread_blocked, id=10300, stack(0x000000000a150000,0x000000000a250000)]
  0x0000000007ecd000 JavaThread "C1 CompilerThread2" daemon [_thread_blocked, id=12260, stack(0x0000000009c50000,0x0000000009d50000)]
  0x0000000007ec9800 JavaThread "C2 CompilerThread1" daemon [_thread_blocked, id=14424, stack(0x0000000009b50000,0x0000000009c50000)]
  0x0000000007ec4800 JavaThread "C2 CompilerThread0" daemon [_thread_blocked, id=12432, stack(0x0000000009a50000,0x0000000009b50000)]
  0x0000000007eb9800 JavaThread "JDWP Command Reader" daemon [_thread_in_native, id=972, stack(0x0000000009950000,0x0000000009a50000)]
  0x0000000007eb4800 JavaThread "JDWP Event Helper Thread" daemon [_thread_blocked, id=14896, stack(0x0000000009850000,0x0000000009950000)]
=>0x0000000007eb0800 JavaThread "JDWP Transport Listener: dt_socket" daemon [_thread_in_vm, id=7220, stack(0x0000000009750000,0x0000000009850000)]
  0x0000000007e9f000 JavaThread "Attach Listener" daemon [_thread_blocked, id=10964, stack(0x0000000009310000,0x0000000009410000)]
  0x0000000007e9e000 JavaThread "Signal Dispatcher" daemon [_thread_blocked, id=14276, stack(0x0000000009210000,0x0000000009310000)]
  0x00000000024b5800 JavaThread "Finalizer" daemon [_thread_blocked, id=9060, stack(0x0000000009100000,0x0000000009200000)]
  0x0000000007e68000 JavaThread "Reference Handler" daemon [_thread_blocked, id=14592, stack(0x0000000009000000,0x0000000009100000)]
  0x00000000023c2800 JavaThread "main" [_thread_blocked, id=13176, stack(0x0000000002260000,0x0000000002360000)]

Other Threads:
  0x0000000007e66800 VMThread [stack: 0x0000000008f00000,0x0000000009000000] [id=17104]
  0x0000000009d93800 WatcherThread [stack: 0x000000000a250000,0x000000000a350000] [id=6628]

VM state:not at safepoint (normal execution)

VM Mutex/Monitor currently owned by a thread: None

Heap:
 PSYoungGen      total 1536K, used 1520K [0x00000000d6c00000, 0x00000000d7000000, 0x0000000100000000)
  eden space 1024K, 100% used [0x00000000d6c00000,0x00000000d6d00000,0x00000000d6d00000)
  from space 512K, 96% used [0x00000000d6d00000,0x00000000d6d7c010,0x00000000d6d80000)
  to   space 1024K, 0% used [0x00000000d6f00000,0x00000000d6f00000,0x00000000d7000000)
 ParOldGen       total 125440K, used 688K [0x0000000084400000, 0x000000008be80000, 0x00000000d6c00000)
  object space 125440K, 0% used [0x0000000084400000,0x00000000844ac398,0x000000008be80000)
 Metaspace       used 5669K, capacity 5742K, committed 5888K, reserved 1056768K
  class space    used 645K, capacity 658K, committed 768K, reserved 1048576K

Card table byte_map: [0x0000000002890000,0x0000000002c70000] byte_map_base: 0x000000000246e000

Marking Bits: (ParMarkBitMap*) 0x00000000770913b0
 Begin Bits: [0x0000000003310000, 0x0000000005200000)
 End Bits:   [0x0000000005200000, 0x00000000070f0000)

Polling page: 0x0000000002360000

CodeCache: size=245760Kb used=1754Kb max_used=1766Kb free=244006Kb
 bounds [0x000000000f010000, 0x000000000f280000, 0x000000001e010000]
 total_blobs=559 nmethods=276 adapters=205
 compilation: enabled

Compilation events (10 events):
Event: 0.551 Thread 0x0000000007ecd000 nmethod 271 0x000000000f1b4d10 code [0x000000000f1b4e80, 0x000000000f1b50f0]
Event: 0.551 Thread 0x0000000007ecd000  274       3       java.util.LinkedHashMap$LinkedHashIterator::nextNode (54 bytes)
Event: 0.551 Thread 0x0000000007ecd000 nmethod 274 0x000000000f1b4690 code [0x000000000f1b4820, 0x000000000f1b4b38]
Event: 0.551 Thread 0x0000000007ecd000  273       3       java.util.AbstractList::<init> (10 bytes)
Event: 0.551 Thread 0x0000000007ecd000 nmethod 273 0x000000000f1b4210 code [0x000000000f1b4380, 0x000000000f1b4590]
Event: 0.551 Thread 0x0000000007ecd000  275       1       java.util.Formatter$Flags::valueOf (5 bytes)
Event: 0.552 Thread 0x0000000007ecd000 nmethod 275 0x000000000f1b3f50 code [0x000000000f1b40a0, 0x000000000f1b41b0]
Event: 0.554 Thread 0x0000000007ec4800  276       4       java.lang.String::indexOf (166 bytes)
Event: 0.555 Thread 0x0000000007ec9800 nmethod 272 0x000000000f1c9290 code [0x000000000f1c93e0, 0x000000000f1c98f8]
Event: 0.561 Thread 0x0000000007ec4800 nmethod 276 0x000000000f1c9ad0 code [0x000000000f1c9c20, 0x000000000f1ca118]

GC Heap History (10 events):
Event: 0.264 GC heap before
{Heap before GC invocations=1 (full 0):
 PSYoungGen      total 1024K, used 512K [0x00000000d6c00000, 0x00000000d6d80000, 0x0000000100000000)
  eden space 512K, 100% used [0x00000000d6c00000,0x00000000d6c80000,0x00000000d6c80000)
  from space 512K, 0% used [0x00000000d6d00000,0x00000000d6d00000,0x00000000d6d80000)
  to   space 512K, 0% used [0x00000000d6c80000,0x00000000d6c80000,0x00000000d6d00000)
 ParOldGen       total 125440K, used 0K [0x0000000084400000, 0x000000008be80000, 0x00000000d6c00000)
  object space 125440K, 0% used [0x0000000084400000,0x0000000084400000,0x000000008be80000)
 Metaspace       used 2557K, capacity 4480K, committed 4480K, reserved 1056768K
  class space    used 274K, capacity 384K, committed 384K, reserved 1048576K
Event: 0.266 GC heap after
Heap after GC invocations=1 (full 0):
 PSYoungGen      total 1024K, used 480K [0x00000000d6c00000, 0x00000000d6d80000, 0x0000000100000000)
  eden space 512K, 0% used [0x00000000d6c00000,0x00000000d6c00000,0x00000000d6c80000)
  from space 512K, 93% used [0x00000000d6c80000,0x00000000d6cf8020,0x00000000d6d00000)
  to   space 512K, 0% used [0x00000000d6d00000,0x00000000d6d00000,0x00000000d6d80000)
 ParOldGen       total 125440K, used 8K [0x0000000084400000, 0x000000008be80000, 0x00000000d6c00000)
  object space 125440K, 0% used [0x0000000084400000,0x0000000084402000,0x000000008be80000)
 Metaspace       used 2557K, capacity 4480K, committed 4480K, reserved 1056768K
  class space    used 274K, capacity 384K, committed 384K, reserved 1048576K
}
Event: 0.321 GC heap before
{Heap before GC invocations=2 (full 0):
 PSYoungGen      total 1024K, used 992K [0x00000000d6c00000, 0x00000000d6d80000, 0x0000000100000000)
  eden space 512K, 100% used [0x00000000d6c00000,0x00000000d6c80000,0x00000000d6c80000)
  from space 512K, 93% used [0x00000000d6c80000,0x00000000d6cf8020,0x00000000d6d00000)
  to   space 512K, 0% used [0x00000000d6d00000,0x00000000d6d00000,0x00000000d6d80000)
 ParOldGen       total 125440K, used 8K [0x0000000084400000, 0x000000008be80000, 0x00000000d6c00000)
  object space 125440K, 0% used [0x0000000084400000,0x0000000084402000,0x000000008be80000)
 Metaspace       used 3164K, capacity 4588K, committed 4864K, reserved 1056768K
  class space    used 342K, capacity 424K, committed 512K, reserved 1048576K
Event: 0.322 GC heap after
Heap after GC invocations=2 (full 0):
 PSYoungGen      total 1024K, used 480K [0x00000000d6c00000, 0x00000000d6e00000, 0x0000000100000000)
  eden space 512K, 0% used [0x00000000d6c00000,0x00000000d6c00000,0x00000000d6c80000)
  from space 512K, 93% used [0x00000000d6d00000,0x00000000d6d78020,0x00000000d6d80000)
  to   space 512K, 0% used [0x00000000d6c80000,0x00000000d6c80000,0x00000000d6d00000)
 ParOldGen       total 125440K, used 80K [0x0000000084400000, 0x000000008be80000, 0x00000000d6c00000)
  object space 125440K, 0% used [0x0000000084400000,0x0000000084414000,0x000000008be80000)
 Metaspace       used 3164K, capacity 4588K, committed 4864K, reserved 1056768K
  class space    used 342K, capacity 424K, committed 512K, reserved 1048576K
}
Event: 0.357 GC heap before
{Heap before GC invocations=3 (full 0):
 PSYoungGen      total 1024K, used 992K [0x00000000d6c00000, 0x00000000d6e00000, 0x0000000100000000)
  eden space 512K, 100% used [0x00000000d6c00000,0x00000000d6c80000,0x00000000d6c80000)
  from space 512K, 93% used [0x00000000d6d00000,0x00000000d6d78020,0x00000000d6d80000)
  to   space 512K, 0% used [0x00000000d6c80000,0x00000000d6c80000,0x00000000d6d00000)
 ParOldGen       total 125440K, used 80K [0x0000000084400000, 0x000000008be80000, 0x00000000d6c00000)
  object space 125440K, 0% used [0x0000000084400000,0x0000000084414000,0x000000008be80000)
 Metaspace       used 3374K, capacity 4652K, committed 4864K, reserved 1056768K
  class space    used 370K, capacity 424K, committed 512K, reserved 1048576K
Event: 0.358 GC heap after
Heap after GC invocations=3 (full 0):
 PSYoungGen      total 1024K, used 496K [0x00000000d6c00000, 0x00000000d6e00000, 0x0000000100000000)
  eden space 512K, 0% used [0x00000000d6c00000,0x00000000d6c00000,0x00000000d6c80000)
  from space 512K, 96% used [0x00000000d6c80000,0x00000000d6cfc010,0x00000000d6d00000)
  to   space 512K, 0% used [0x00000000d6d80000,0x00000000d6d80000,0x00000000d6e00000)
 ParOldGen       total 125440K, used 216K [0x0000000084400000, 0x000000008be80000, 0x00000000d6c00000)
  object space 125440K, 0% used [0x0000000084400000,0x0000000084436000,0x000000008be80000)
 Metaspace       used 3374K, capacity 4652K, committed 4864K, reserved 1056768K
  class space    used 370K, capacity 424K, committed 512K, reserved 1048576K
}
Event: 0.393 GC heap before
{Heap before GC invocations=4 (full 0):
 PSYoungGen      total 1024K, used 1008K [0x00000000d6c00000, 0x00000000d6e00000, 0x0000000100000000)
  eden space 512K, 100% used [0x00000000d6c00000,0x00000000d6c80000,0x00000000d6c80000)
  from space 512K, 96% used [0x00000000d6c80000,0x00000000d6cfc010,0x00000000d6d00000)
  to   space 512K, 0% used [0x00000000d6d80000,0x00000000d6d80000,0x00000000d6e00000)
 ParOldGen       total 125440K, used 216K [0x0000000084400000, 0x000000008be80000, 0x00000000d6c00000)
  object space 125440K, 0% used [0x0000000084400000,0x0000000084436000,0x000000008be80000)
 Metaspace       used 3602K, capacity 4716K, committed 4864K, reserved 1056768K
  class space    used 397K, capacity 424K, committed 512K, reserved 1048576K
Event: 0.395 GC heap after
Heap after GC invocations=4 (full 0):
 PSYoungGen      total 1536K, used 496K [0x00000000d6c00000, 0x00000000d6e00000, 0x0000000100000000)
  eden space 1024K, 0% used [0x00000000d6c00000,0x00000000d6c00000,0x00000000d6d00000)
  from space 512K, 96% used [0x00000000d6d80000,0x00000000d6dfc030,0x00000000d6e00000)
  to   space 512K, 0% used [0x00000000d6d00000,0x00000000d6d00000,0x00000000d6d80000)
 ParOldGen       total 125440K, used 464K [0x0000000084400000, 0x000000008be80000, 0x00000000d6c00000)
  object space 125440K, 0% used [0x0000000084400000,0x0000000084474398,0x000000008be80000)
 Metaspace       used 3602K, capacity 4716K, committed 4864K, reserved 1056768K
  class space    used 397K, capacity 424K, committed 512K, reserved 1048576K
}
Event: 0.488 GC heap before
{Heap before GC invocations=5 (full 0):
 PSYoungGen      total 1536K, used 1520K [0x00000000d6c00000, 0x00000000d6e00000, 0x0000000100000000)
  eden space 1024K, 100% used [0x00000000d6c00000,0x00000000d6d00000,0x00000000d6d00000)
  from space 512K, 96% used [0x00000000d6d80000,0x00000000d6dfc030,0x00000000d6e00000)
  to   space 512K, 0% used [0x00000000d6d00000,0x00000000d6d00000,0x00000000d6d80000)
 ParOldGen       total 125440K, used 464K [0x0000000084400000, 0x000000008be80000, 0x00000000d6c00000)
  object space 125440K, 0% used [0x0000000084400000,0x0000000084474398,0x000000008be80000)
 Metaspace       used 4773K, capacity 4820K, committed 4992K, reserved 1056768K
  class space    used 519K, capacity 528K, committed 640K, reserved 1048576K
Event: 0.490 GC heap after
Heap after GC invocations=5 (full 0):
 PSYoungGen      total 1536K, used 496K [0x00000000d6c00000, 0x00000000d7000000, 0x0000000100000000)
  eden space 1024K, 0% used [0x00000000d6c00000,0x00000000d6c00000,0x00000000d6d00000)
  from space 512K, 96% used [0x00000000d6d00000,0x00000000d6d7c010,0x00000000d6d80000)
  to   space 1024K, 0% used [0x00000000d6f00000,0x00000000d6f00000,0x00000000d7000000)
 ParOldGen       total 125440K, used 688K [0x0000000084400000, 0x000000008be80000, 0x00000000d6c00000)
  object space 125440K, 0% used [0x0000000084400000,0x00000000844ac398,0x000000008be80000)
 Metaspace       used 4773K, capacity 4820K, committed 4992K, reserved 1056768K
  class space    used 519K, capacity 528K, committed 640K, reserved 1048576K
}

Deoptimization events (0 events):
No events

Internal exceptions (10 events):
Event: 0.547 Thread 0x00000000023c2800 Exception <a 'java/security/PrivilegedActionException'> (0x00000000d6cdc5a0) thrown at [D:\re\workspace\8-2-build-windows-amd64-cygwin\jdk8u5\2488\hotspot\src\share\vm\prims\jvm.cpp, line 1248]
Event: 0.548 Thread 0x00000000023c2800 Exception <a 'java/security/PrivilegedActionException'> (0x00000000d6cdfc20) thrown at [D:\re\workspace\8-2-build-windows-amd64-cygwin\jdk8u5\2488\hotspot\src\share\vm\prims\jvm.cpp, line 1248]
Event: 0.549 Thread 0x00000000023c2800 Exception <a 'java/security/PrivilegedActionException'> (0x00000000d6ce4040) thrown at [D:\re\workspace\8-2-build-windows-amd64-cygwin\jdk8u5\2488\hotspot\src\share\vm\prims\jvm.cpp, line 1248]
Event: 0.550 Thread 0x00000000023c2800 Exception <a 'java/security/PrivilegedActionException'> (0x00000000d6ce8900) thrown at [D:\re\workspace\8-2-build-windows-amd64-cygwin\jdk8u5\2488\hotspot\src\share\vm\prims\jvm.cpp, line 1248]
Event: 0.550 Thread 0x00000000023c2800 Exception <a 'java/security/PrivilegedActionException'> (0x00000000d6ceb128) thrown at [D:\re\workspace\8-2-build-windows-amd64-cygwin\jdk8u5\2488\hotspot\src\share\vm\prims\jvm.cpp, line 1248]
Event: 0.551 Thread 0x00000000023c2800 Exception <a 'java/security/PrivilegedActionException'> (0x00000000d6ceeaf0) thrown at [D:\re\workspace\8-2-build-windows-amd64-cygwin\jdk8u5\2488\hotspot\src\share\vm\prims\jvm.cpp, line 1248]
Event: 0.552 Thread 0x00000000023c2800 Exception <a 'java/security/PrivilegedActionException'> (0x00000000d6cf1bb8) thrown at [D:\re\workspace\8-2-build-windows-amd64-cygwin\jdk8u5\2488\hotspot\src\share\vm\prims\jvm.cpp, line 1248]
Event: 0.553 Thread 0x00000000023c2800 Exception <a 'java/security/PrivilegedActionException'> (0x00000000d6cf5278) thrown at [D:\re\workspace\8-2-build-windows-amd64-cygwin\jdk8u5\2488\hotspot\src\share\vm\prims\jvm.cpp, line 1248]
Event: 0.553 Thread 0x00000000023c2800 Exception <a 'java/security/PrivilegedActionException'> (0x00000000d6cf7b28) thrown at [D:\re\workspace\8-2-build-windows-amd64-cygwin\jdk8u5\2488\hotspot\src\share\vm\prims\jvm.cpp, line 1248]
Event: 0.554 Thread 0x00000000023c2800 Exception <a 'java/security/PrivilegedActionException'> (0x00000000d6cfb508) thrown at [D:\re\workspace\8-2-build-windows-amd64-cygwin\jdk8u5\2488\hotspot\src\share\vm\prims\jvm.cpp, line 1248]

Events (10 events):
Event: 39.451 Executing VM operation: GetCurrentLocation
Event: 39.451 Executing VM operation: GetCurrentLocation done
Event: 39.451 Executing VM operation: EnterInterpOnlyMode
Event: 39.451 Executing VM operation: EnterInterpOnlyMode done
Event: 39.451 Executing VM operation: ChangeSingleStep
Event: 39.451 Executing VM operation: ChangeSingleStep done
Event: 39.452 Executing VM operation: ChangeSingleStep
Event: 39.452 Executing VM operation: ChangeSingleStep done
Event: 39.455 Executing VM operation: RedefineClasses
Event: 39.457 Executing VM operation: RedefineClasses done


Dynamic libraries:
0x00007ff7445b0000 - 0x00007ff7445e4000 	C:\Program Files\Java\jdk1.8.0_05\bin\javaw.exe
0x00007ff8a88c0000 - 0x00007ff8a8a91000 	C:\WINDOWS\SYSTEM32\ntdll.dll
0x00007ff8a7f00000 - 0x00007ff8a7fab000 	C:\WINDOWS\System32\KERNEL32.DLL
0x00007ff8a4e90000 - 0x00007ff8a50ad000 	C:\WINDOWS\System32\KERNELBASE.dll
0x00007ff8a7d70000 - 0x00007ff8a7e12000 	C:\WINDOWS\System32\ADVAPI32.dll
0x00007ff8a83f0000 - 0x00007ff8a848e000 	C:\WINDOWS\System32\msvcrt.dll
0x00007ff8a6320000 - 0x00007ff8a6379000 	C:\WINDOWS\System32\sechost.dll
0x00007ff8a8760000 - 0x00007ff8a8881000 	C:\WINDOWS\System32\RPCRT4.dll
0x00007ff8a8280000 - 0x00007ff8a83e5000 	C:\WINDOWS\System32\USER32.dll
0x00007ff8a5d60000 - 0x00007ff8a5d7e000 	C:\WINDOWS\System32\win32u.dll
0x00007ff8a67a0000 - 0x00007ff8a67d4000 	C:\WINDOWS\System32\GDI32.dll
0x00007ff8a5160000 - 0x00007ff8a52e2000 	C:\WINDOWS\System32\gdi32full.dll
0x00007ff8a3c90000 - 0x00007ff8a3f09000 	C:\WINDOWS\WinSxS\amd64_microsoft.windows.common-controls_6595b64144ccf1df_6.0.14393.0_none_2d0f50fcbdb171b8\COMCTL32.dll
0x00007ff8a8490000 - 0x00007ff8a8757000 	C:\WINDOWS\System32\combase.dll
0x00007ff8a5bf0000 - 0x00007ff8a5ce5000 	C:\WINDOWS\System32\ucrtbase.dll
0x00007ff8a5cf0000 - 0x00007ff8a5d5a000 	C:\WINDOWS\System32\bcryptPrimitives.dll
0x00007ff8a8890000 - 0x00007ff8a88be000 	C:\WINDOWS\System32\IMM32.DLL
0x00007ff8a3c50000 - 0x00007ff8a3c81000 	C:\Windows\system32\nvinitx.dll
0x00007ff8a3c40000 - 0x00007ff8a3c4a000 	C:\WINDOWS\SYSTEM32\VERSION.dll
0x000000000f000000 - 0x000000000f006000 	C:\Program Files\NVIDIA Corporation\CoProcManager\_etoured.dll
0x00007ff8a1cb0000 - 0x00007ff8a1ce2000 	C:\Program Files\NVIDIA Corporation\CoProcManager\nvd3d9wrapx.dll
0x00007ff8a5e90000 - 0x00007ff8a62b9000 	C:\WINDOWS\System32\SETUPAPI.dll
0x00007ff8a5ba0000 - 0x00007ff8a5be2000 	C:\WINDOWS\System32\cfgmgr32.dll
0x00007ff8a2cf0000 - 0x00007ff8a2d12000 	C:\Program Files\NVIDIA Corporation\CoProcManager\nvdxgiwrapx.dll
0x0000000050050000 - 0x0000000050122000 	C:\Program Files\Java\jdk1.8.0_05\jre\bin\msvcr100.dll
0x00000000768e0000 - 0x000000007710a000 	C:\Program Files\Java\jdk1.8.0_05\jre\bin\server\jvm.dll
0x00007ff8a8150000 - 0x00007ff8a8158000 	C:\WINDOWS\System32\PSAPI.DLL
0x00007ff8a2b50000 - 0x00007ff8a2b73000 	C:\WINDOWS\SYSTEM32\WINMM.dll
0x00007ff8954c0000 - 0x00007ff8954c9000 	C:\WINDOWS\SYSTEM32\WSOCK32.dll
0x00007ff8a67f0000 - 0x00007ff8a685a000 	C:\WINDOWS\System32\WS2_32.dll
0x0000000002230000 - 0x000000000225b000 	C:\WINDOWS\SYSTEM32\WINMMBASE.dll
0x0000000050160000 - 0x000000005016f000 	C:\Program Files\Java\jdk1.8.0_05\jre\bin\verify.dll
0x0000000050020000 - 0x0000000050048000 	C:\Program Files\Java\jdk1.8.0_05\jre\bin\java.dll
0x00000000778b0000 - 0x00000000778e5000 	C:\Program Files\Java\jdk1.8.0_05\jre\bin\jdwp.dll
0x0000000077500000 - 0x0000000077508000 	C:\Program Files\Java\jdk1.8.0_05\jre\bin\npt.dll
0x0000000050140000 - 0x0000000050156000 	C:\Program Files\Java\jdk1.8.0_05\jre\bin\zip.dll
0x00007ff8a6860000 - 0x00007ff8a7d68000 	C:\WINDOWS\System32\SHELL32.dll
0x00007ff8a54c0000 - 0x00007ff8a5b9a000 	C:\WINDOWS\System32\windows.storage.dll
0x00007ff8a4de0000 - 0x00007ff8a4e2c000 	C:\WINDOWS\System32\powrprof.dll
0x00007ff8a62c0000 - 0x00007ff8a6312000 	C:\WINDOWS\System32\shlwapi.dll
0x00007ff8a4dd0000 - 0x00007ff8a4ddf000 	C:\WINDOWS\System32\kernel.appcore.dll
0x00007ff8a5d80000 - 0x00007ff8a5e29000 	C:\WINDOWS\System32\shcore.dll
0x00007ff8a4db0000 - 0x00007ff8a4dc4000 	C:\WINDOWS\System32\profapi.dll
0x00000000774f0000 - 0x00000000774f9000 	C:\Program Files\Java\jdk1.8.0_05\jre\bin\dt_socket.dll
0x00007ff8a24f0000 - 0x00007ff8a2508000 	C:\WINDOWS\system32\NLAapi.dll
0x00007ff88fa90000 - 0x00007ff88faa6000 	C:\WINDOWS\system32\napinsp.dll
0x00007ff88fa70000 - 0x00007ff88fa8a000 	C:\WINDOWS\system32\pnrpnsp.dll
0x00007ff8a46d0000 - 0x00007ff8a472c000 	C:\WINDOWS\System32\mswsock.dll
0x00007ff8a44b0000 - 0x00007ff8a4550000 	C:\WINDOWS\SYSTEM32\DNSAPI.dll
0x00007ff8a67e0000 - 0x00007ff8a67e8000 	C:\WINDOWS\System32\NSI.dll
0x00007ff8a4460000 - 0x00007ff8a4498000 	C:\WINDOWS\SYSTEM32\IPHLPAPI.DLL
0x00007ff88f2c0000 - 0x00007ff88f2ce000 	C:\WINDOWS\System32\winrnr.dll
0x00007ff899e60000 - 0x00007ff899eca000 	C:\WINDOWS\System32\fwpuclnt.dll
0x00007ff8a4980000 - 0x00007ff8a49ab000 	C:\WINDOWS\SYSTEM32\bcrypt.dll
0x00007ff895c40000 - 0x00007ff895c4a000 	C:\Windows\System32\rasadhlp.dll
0x0000000050000000 - 0x000000005001a000 	C:\Program Files\Java\jdk1.8.0_05\jre\bin\net.dll
0x00007ff895550000 - 0x00007ff8956e2000 	C:\WINDOWS\SYSTEM32\dbghelp.dll

VM Arguments:
jvm_args: -agentlib:jdwp=transport=dt_socket,suspend=y,address=localhost:49546 -Dfile.encoding=Cp1252 
java_command: org.eclipse.jdt.internal.junit.runner.RemoteTestRunner -version 3 -port 49545 -testLoaderClass org.eclipse.jdt.internal.junit4.runner.JUnit4TestLoader -loaderpluginname org.eclipse.jdt.junit4.runtime -classNames dynamic.programming.QuickSums
java_class_path (initial): C:\development\projects\algorithms\Training\bin;C:\development\tools\eclipse_luna\plugins\org.junit_4.11.0.v201303080030\junit.jar;C:\development\tools\eclipse_luna\plugins\org.hamcrest.core_1.3.0.v201303031735.jar;/C:/development/tools/eclipse_luna/configuration/org.eclipse.osgi/362/0/.cp/;/C:/development/tools/eclipse_luna/configuration/org.eclipse.osgi/361/0/.cp/
Launcher Type: SUN_STANDARD

Environment Variables:
JAVA_HOME=C:\Program Files\Java\jdk1.8.0_05
PATH=C:\Program Files\Java\jdk1.8.0_05\jre\bin;C:\Program Files (x86)\NVIDIA Corporation\PhysX\Common;C:\ProgramData\Oracle\Java\javapath;C:\Program Files\Common Files\Microsoft Shared\Windows Live;C:\Program Files (x86)\Common Files\Microsoft Shared\Windows Live;C:\Program Files (x86)\Intel\iCLS Client\;C:\Program Files\Intel\iCLS Client\;C:\Windows\system32;C:\Windows;C:\Windows\System32\Wbem;C:\Windows\System32\WindowsPowerShell\v1.0\;C:\Program Files\Intel\WiFi\bin\;C:\Program Files\Common Files\Intel\WirelessCommon\;C:\Program Files\ThinkPad\Bluetooth Software\;C:\Program Files\ThinkPad\Bluetooth Software\syswow64;C:\Program Files\Intel\Intel(R) Management Engine Components\DAL;C:\Program Files\Intel\Intel(R) Management Engine Components\IPT;C:\Program Files (x86)\Intel\Intel(R) Management Engine Components\DAL;C:\Program Files (x86)\Intel\Intel(R) Management Engine Components\IPT;C:\Program Files\Common Files\Lenovo;C:\Program Files (x86)\Common Files\Ulead Systems\MPEG;C:\Program Files (x86)\Windows Live\Shared;C:\SWTOOLS\ReadyApps;C:\Program Files (x86)\Symantec\VIP Access Client\;C:\Program Files (x86)\Common Files\Lenovo;C:\Program Files (x86)\VisualSVN Server\bin;C:\development\tools\apache-maven-3.3.1\bin;C:\Program Files (x86)\Git\cmd;C:\Program Files (x86)\Intel\OpenCL SDK\2.0\bin\x86;C:\Program Files (x86)\Intel\OpenCL SDK\2.0\bin\x64;C:\Program Files (x86)\MySQL\MySQL Utilities 1.3.5\;C:\Program Files (x86)\Git\bin;C:\Anaconda;C:\Anaconda\Scripts;C:\WINDOWS\system32;C:\WINDOWS;C:\WINDOWS\System32\Wbem;C:\WINDOWS\System32\WindowsPowerShell\v1.0\;C:\Program Files (x86)\Skype\Phone\;C:\Program Files\nodejs\;C:\Program Files (x86)\sbt\\bin;;C:\mStatica 3;C:\Users\marcin\AppData\Roaming\npm;C:\Program Files\Intel\WiFi\bin\;C:\Program Files\Common Files\Intel\WirelessCommon\;USERPROFILE\AppData\Local\Microsoft\WindowsApps
USERNAME=marcin
OS=Windows_NT
PROCESSOR_IDENTIFIER=Intel64 Family 6 Model 58 Stepping 9, GenuineIntel



---------------  S Y S T E M  ---------------

OS: Windows 8.1 , 64 bit Build 9600 

CPU:total 4 (2 cores per cpu, 2 threads per core) family 6 model 58 stepping 9, cmov, cx8, fxsr, mmx, sse, sse2, sse3, ssse3, sse4.1, sse4.2, popcnt, avx, aes, clmul, erms, ht, tsc, tscinvbit

Memory: 4k page, physical 8105064k(4082908k free), swap 16231528k(9301764k free)

vm_info: Java HotSpot(TM) 64-Bit Server VM (25.5-b02) for windows-amd64 JRE (1.8.0_05-b13), built on Mar 18 2014 01:08:39 by "java_re" with MS VC++ 10.0 (VS2010)

time: Sun Aug 14 17:41:47 2016
elapsed time: 39 seconds

